<?xml version="1.0" encoding="UTF-8"?>
<!-- Generated by org.testng.reporters.JUnitXMLReporter -->
<testsuite hostname="DESKTOP-9LUHGAV" ignored="0" name="SausceDemoTest releast 11.2" tests="2" failures="2" timestamp="08 Feb 2022 13:06:54 GMT" time="0.029" errors="0">
  <testcase name="SaucedemoLogin1" time="0.0" classname="dataDriven1.differentTes">
    <failure type="java.lang.NullPointerException">
      <![CDATA[java.lang.NullPointerException
	at dataDriven1.differentTes.SaucedemoLogin1(differentTes.java:51)
... Removed 25 stack frames]]>
    </failure>
  </testcase> <!-- SaucedemoLogin1 -->
  <testcase name="SaucedemoLogin2" time="0.0" classname="dataDriven1.differentTes">
    <failure type="java.lang.NullPointerException">
      <![CDATA[java.lang.NullPointerException
	at dataDriven1.differentTes.SaucedemoLogin2(differentTes.java:67)
... Removed 25 stack frames]]>
    </failure>
  </testcase> <!-- SaucedemoLogin2 -->
</testsuite> <!-- SausceDemoTest releast 11.2 -->
